Сборка начата 10.06.2023 0:18:05.
Уровень детализации журнала: Normal.     1>Проект "D:\2_СЕМ_ЛАБЫ\KPO_2_sem\Lab06KPO\SE_Lab06ExS\SE_Lab06Ex\SE_Lab06Ex.vcxproj" в узле 2 (целевые объекты Build).
     1>InitializeBuildStatus:
         Создание "Debug\SE_Lab06Ex.tlog\unsuccessfulbuild", так как было задано "AlwaysCreate".
       ClCompile:
         C:\Program Files (x86)\Microsoft Visual Studio\2019\Community\VC\Tools\MSVC\14.29.30133\bin\HostX86\x86\CL.exe /c /ZI /JMC /nologo /W3 /WX- /diagnostics:column /sdl /Od /Oy- /D WIN32 /D _DEBUG /D _CONSOLE /D _UNICODE /D UNICODE /Gm- /EHsc /RTC1 /MDd /GS /fp:precise /permissive- /Zc:wchar_t /Zc:forScope /Zc:inline /Fo"Debug\\" /Fd"Debug\vc142.pdb" /external:W3 /Gd /TP /analyze- /FC /errorReport:prompt SE_Lab06Ex.cpp
         SE_Lab06Ex.cpp
     1>D:\2_СЕМ_ЛАБЫ\KPO_2_sem\Lab06KPO\SE_Lab06ExS\SE_Lab06Ex\SE_Lab06Ex.cpp(11,1): warning C4326: возвращаемый тип "main" должен быть "int", а не "void"
       Link:
         C:\Program Files (x86)\Microsoft Visual Studio\2019\Community\VC\Tools\MSVC\14.29.30133\bin\HostX86\x86\link.exe /ERRORREPORT:PROMPT /OUT:"D:\2_СЕМ_ЛАБЫ\KPO_2_sem\Lab06KPO\SE_Lab06ExS\Debug\SE_Lab06Ex.exe" /INCREMENTAL /ILK:"Debug\SE_Lab06Ex.ilk" /NOLOGO kernel32.lib user32.lib gdi32.lib winspool.lib comdlg32.lib advapi32.lib shell32.lib ole32.lib oleaut32.lib uuid.lib odbc32.lib odbccp32.lib /MANIFEST /MANIFESTUAC:"level='asInvoker' uiAccess='false'" /manifest:embed /DEBUG /PDB:"D:\2_СЕМ_ЛАБЫ\KPO_2_sem\Lab06KPO\SE_Lab06ExS\Debug\SE_Lab06Ex.pdb" /SUBSYSTEM:CONSOLE /TLBID:1 /DYNAMICBASE /NXCOMPAT /IMPLIB:"D:\2_СЕМ_ЛАБЫ\KPO_2_sem\Lab06KPO\SE_Lab06ExS\Debug\SE_Lab06Ex.lib" /MACHINE:X86 Debug\SE_Lab06Ex.obj
     1>LINK : fatal error LNK1104: не удается открыть файл "D:\2_СЕМ_ЛАБЫ\KPO_2_sem\Lab06KPO\SE_Lab06ExS\Debug\LL.lib"
     1>Сборка проекта "D:\2_СЕМ_ЛАБЫ\KPO_2_sem\Lab06KPO\SE_Lab06ExS\SE_Lab06Ex\SE_Lab06Ex.vcxproj" завершена (целевые объекты Build) с ошибкой.

Ошибка сборки.

       "D:\2_СЕМ_ЛАБЫ\KPO_2_sem\Lab06KPO\SE_Lab06ExS\SE_Lab06Ex\SE_Lab06Ex.vcxproj" (целевой объект Build ) (1) ->
       (Целевой объект ClCompile) -> 
         D:\2_СЕМ_ЛАБЫ\KPO_2_sem\Lab06KPO\SE_Lab06ExS\SE_Lab06Ex\SE_Lab06Ex.cpp(11,1): warning C4326: возвращаемый тип "main" должен быть "int", а не "void"


       "D:\2_СЕМ_ЛАБЫ\KPO_2_sem\Lab06KPO\SE_Lab06ExS\SE_Lab06Ex\SE_Lab06Ex.vcxproj" (целевой объект Build ) (1) ->
       (Целевой объект Link) -> 
         LINK : fatal error LNK1104: не удается открыть файл "D:\2_СЕМ_ЛАБЫ\KPO_2_sem\Lab06KPO\SE_Lab06ExS\Debug\LL.lib"

    Предупреждений: 1
    Ошибок: 1

Прошло времени 00:00:01.04
