Сборка начата 10.03.2023 18:21:49.
Уровень детализации журнала: Normal.     1>Проект "C:\Users\user\Desktop\KPO 2 sem\Lab02KPO\Lab02KPO\Lab02KPO.vcxproj" в узле 2 (целевые объекты Build).
     1>InitializeBuildStatus:
         Создание "Debug\Lab02KPO.tlog\unsuccessfulbuild", так как было задано "AlwaysCreate".
       ClCompile:
         C:\Program Files (x86)\Microsoft Visual Studio\2019\Community\VC\Tools\MSVC\14.29.30133\bin\HostX86\x86\CL.exe /c /ZI /JMC /nologo /W3 /WX- /diagnostics:column /sdl /Od /Oy- /D WIN32 /D _DEBUG /D _CONSOLE /D _UNICODE /D UNICODE /Gm- /EHsc /RTC1 /MDd /GS /fp:precise /permissive- /Zc:wchar_t /Zc:forScope /Zc:inline /Fo"Debug\\" /Fd"Debug\vc142.pdb" /external:W3 /Gd /TP /analyze- /FC /errorReport:prompt SE_Lab02.cpp
         SE_Lab02.cpp
     1>C:\Users\user\Desktop\KPO 2 sem\Lab02KPO\Lab02KPO\SE_Lab02.cpp(34,16): warning C4309: инициализация: усечение константного значения
     1>C:\Users\user\Desktop\KPO 2 sem\Lab02KPO\Lab02KPO\SE_Lab02.cpp(72,14): warning C4244: инициализация: преобразование "double" в "float", возможна потеря данных
     1>C:\Users\user\Desktop\KPO 2 sem\Lab02KPO\Lab02KPO\SE_Lab02.cpp(70): warning C4723: возможное деление на 0
     1>C:\Users\user\Desktop\KPO 2 sem\Lab02KPO\Lab02KPO\SE_Lab02.cpp(71): warning C4723: возможное деление на 0
       Link:
         C:\Program Files (x86)\Microsoft Visual Studio\2019\Community\VC\Tools\MSVC\14.29.30133\bin\HostX86\x86\link.exe /ERRORREPORT:PROMPT /OUT:"C:\Users\user\Desktop\KPO 2 sem\Lab02KPO\Debug\Lab02KPO.exe" /INCREMENTAL /ILK:"Debug\Lab02KPO.ilk" /NOLOGO kernel32.lib user32.lib gdi32.lib winspool.lib comdlg32.lib advapi32.lib shell32.lib ole32.lib oleaut32.lib uuid.lib odbc32.lib odbccp32.lib /MANIFEST /MANIFESTUAC:"level='asInvoker' uiAccess='false'" /manifest:embed /DEBUG /PDB:"C:\Users\user\Desktop\KPO 2 sem\Lab02KPO\Debug\Lab02KPO.pdb" /SUBSYSTEM:CONSOLE /TLBID:1 /DYNAMICBASE /NXCOMPAT /IMPLIB:"C:\Users\user\Desktop\KPO 2 sem\Lab02KPO\Debug\Lab02KPO.lib" /MACHINE:X86 Debug\SE_Lab02.obj
         Debug\Source.obj
         Lab02KPO.vcxproj -> C:\Users\user\Desktop\KPO 2 sem\Lab02KPO\Debug\Lab02KPO.exe
       FinalizeBuildStatus:
         Файл "Debug\Lab02KPO.tlog\unsuccessfulbuild" удаляется.
         Обращение к "Debug\Lab02KPO.tlog\Lab02KPO.lastbuildstate".
     1>Сборка проекта "C:\Users\user\Desktop\KPO 2 sem\Lab02KPO\Lab02KPO\Lab02KPO.vcxproj" завершена (целевые объекты Build).

Сборка успешно завершена.

       "C:\Users\user\Desktop\KPO 2 sem\Lab02KPO\Lab02KPO\Lab02KPO.vcxproj" (целевой объект Build ) (1) ->
       (Целевой объект ClCompile) -> 
         C:\Users\user\Desktop\KPO 2 sem\Lab02KPO\Lab02KPO\SE_Lab02.cpp(34,16): warning C4309: инициализация: усечение константного значения
         C:\Users\user\Desktop\KPO 2 sem\Lab02KPO\Lab02KPO\SE_Lab02.cpp(72,14): warning C4244: инициализация: преобразование "double" в "float", возможна потеря данных
         C:\Users\user\Desktop\KPO 2 sem\Lab02KPO\Lab02KPO\SE_Lab02.cpp(70): warning C4723: возможное деление на 0
         C:\Users\user\Desktop\KPO 2 sem\Lab02KPO\Lab02KPO\SE_Lab02.cpp(71): warning C4723: возможное деление на 0

    Предупреждений: 4
    Ошибок: 0

Прошло времени 00:00:01.27
