Сборка начата 17.03.2023 18:23:43.
Уровень детализации журнала: Normal.     1>Проект "D:\KPO 2 sem\Lab01KPO\Lab01\Lab01.vcxproj" в узле 2 (целевые объекты Build).
     1>InitializeBuildStatus:
         Создание "Debug\Lab01.tlog\unsuccessfulbuild", так как было задано "AlwaysCreate".
       ClCompile:
         C:\Program Files (x86)\Microsoft Visual Studio\2019\Community\VC\Tools\MSVC\14.29.30133\bin\HostX86\x86\CL.exe /c /ZI /JMC /nologo /W3 /WX- /diagnostics:column /sdl /Od /Oy- /D WIN32 /D _DEBUG /D _CONSOLE /D _UNICODE /D UNICODE /Gm- /EHsc /RTC1 /MDd /GS /fp:precise /permissive- /Zc:wchar_t /Zc:forScope /Zc:inline /Fo"Debug\\" /Fd"Debug\vc142.pdb" /external:W3 /Gd /TP /analyze- /FC /errorReport:prompt func.cpp main.cpp
         func.cpp
     1>D:\KPO 2 sem\Lab01KPO\Lab01\func.cpp(1,10): warning C4067: непредвиденные лексемы за директивой препроцессора, требуется newline
         main.cpp
     1>D:\KPO 2 sem\Lab01KPO\Lab01\main.cpp(44,8): warning C4101: dol: неиспользованная локальная переменная
         Создание кода...
       Link:
         C:\Program Files (x86)\Microsoft Visual Studio\2019\Community\VC\Tools\MSVC\14.29.30133\bin\HostX86\x86\link.exe /ERRORREPORT:PROMPT /OUT:"D:\KPO 2 sem\Lab01KPO\Debug\Lab01.exe" /INCREMENTAL /ILK:"Debug\Lab01.ilk" /NOLOGO kernel32.lib user32.lib gdi32.lib winspool.lib comdlg32.lib advapi32.lib shell32.lib ole32.lib oleaut32.lib uuid.lib odbc32.lib odbccp32.lib /MANIFEST /MANIFESTUAC:"level='asInvoker' uiAccess='false'" /manifest:embed /DEBUG /PDB:"D:\KPO 2 sem\Lab01KPO\Debug\Lab01.pdb" /SUBSYSTEM:CONSOLE /TLBID:1 /DYNAMICBASE /NXCOMPAT /IMPLIB:"D:\KPO 2 sem\Lab01KPO\Debug\Lab01.lib" /MACHINE:X86 Debug\func.obj
         Debug\main.obj
         Lab01.vcxproj -> D:\KPO 2 sem\Lab01KPO\Debug\Lab01.exe
       FinalizeBuildStatus:
         Файл "Debug\Lab01.tlog\unsuccessfulbuild" удаляется.
         Обращение к "Debug\Lab01.tlog\Lab01.lastbuildstate".
     1>Сборка проекта "D:\KPO 2 sem\Lab01KPO\Lab01\Lab01.vcxproj" завершена (целевые объекты Build).

Сборка успешно завершена.

       "D:\KPO 2 sem\Lab01KPO\Lab01\Lab01.vcxproj" (целевой объект Build ) (1) ->
       (Целевой объект ClCompile) -> 
         D:\KPO 2 sem\Lab01KPO\Lab01\func.cpp(1,10): warning C4067: непредвиденные лексемы за директивой препроцессора, требуется newline
         D:\KPO 2 sem\Lab01KPO\Lab01\main.cpp(44,8): warning C4101: dol: неиспользованная локальная переменная

    Предупреждений: 2
    Ошибок: 0

Прошло времени 00:00:02.99
