Сборка начата 28.04.2023 19:22:20.
Уровень детализации журнала: Normal.     1>Проект "D:\2_СЕМ_ЛАБЫ\KPO_2_sem\Lab06KPO\SE_Lab06ExS\SE_Lab06ExL\SE_Lab06ExL.vcxproj" в узле 3 (целевые объекты Rebuild).
     1>_PrepareForClean:
         Файл "Debug\SE_Lab06ExL.tlog\SE_Lab06ExL.lastbuildstate" удаляется.
       InitializeBuildStatus:
         Создание "Debug\SE_Lab06ExL.tlog\unsuccessfulbuild", так как было задано "AlwaysCreate".
       ClCompile:
         C:\Program Files (x86)\Microsoft Visual Studio\2019\Community\VC\Tools\MSVC\14.29.30133\bin\HostX86\x86\CL.exe /c /ZI /JMC /nologo /W3 /WX- /diagnostics:column /sdl /Od /Oy- /D WIN32 /D _DEBUG /D _LIB /D _UNICODE /D UNICODE /Gm- /EHsc /RTC1 /MDd /GS /fp:precise /permissive- /Zc:wchar_t /Zc:forScope /Zc:inline /Fo"Debug\\" /Fd"D:\2_СЕМ_ЛАБЫ\KPO_2_sem\Lab06KPO\SE_Lab06ExS\Debug\SE_Lab06ExL.pdb" /external:W3 /Gd /TP /analyze- /FC /errorReport:prompt Dictionary.cpp
         Dictionary.cpp
     1>D:\2_СЕМ_ЛАБЫ\KPO_2_sem\Lab06KPO\SE_Lab06ExS\SE_Lab06ExL\Dictionary.cpp(77): warning C4715: Dictionary::GetEntry: значение возвращается не при всех путях выполнения
       Lib:
         C:\Program Files (x86)\Microsoft Visual Studio\2019\Community\VC\Tools\MSVC\14.29.30133\bin\HostX86\x86\Lib.exe /OUT:"D:\2_СЕМ_ЛАБЫ\KPO_2_sem\Lab06KPO\SE_Lab06ExS\Debug\SE_Lab06ExL.lib" /NOLOGO /MACHINE:X86 Debug\Dictionary.obj
         SE_Lab06ExL.vcxproj -> D:\2_СЕМ_ЛАБЫ\KPO_2_sem\Lab06KPO\SE_Lab06ExS\Debug\SE_Lab06ExL.lib
       FinalizeBuildStatus:
         Файл "Debug\SE_Lab06ExL.tlog\unsuccessfulbuild" удаляется.
         Обращение к "Debug\SE_Lab06ExL.tlog\SE_Lab06ExL.lastbuildstate".
     1>Сборка проекта "D:\2_СЕМ_ЛАБЫ\KPO_2_sem\Lab06KPO\SE_Lab06ExS\SE_Lab06ExL\SE_Lab06ExL.vcxproj" завершена (целевые объекты Rebuild).

Сборка успешно завершена.

       "D:\2_СЕМ_ЛАБЫ\KPO_2_sem\Lab06KPO\SE_Lab06ExS\SE_Lab06ExL\SE_Lab06ExL.vcxproj" (целевой объект Rebuild ) (1) ->
       (Целевой объект ClCompile) -> 
         D:\2_СЕМ_ЛАБЫ\KPO_2_sem\Lab06KPO\SE_Lab06ExS\SE_Lab06ExL\Dictionary.cpp(77): warning C4715: Dictionary::GetEntry: значение возвращается не при всех путях выполнения

    Предупреждений: 1
    Ошибок: 0

Прошло времени 00:00:00.69
